<?xml version="1.0" encoding="UTF-8"?>
<!-- Generated by org.testng.reporters.JUnitXMLReporter -->
<testsuite ignored="2" hostname="admin" failures="0" tests="2" name="Test" time="29.32" errors="0" timestamp="26 Feb 2023 11:37:43 GMT">
  <testcase classname="com.invicta.qa.testcases.login.LoginTest" name="Login" time="5.607"/>
  <testcase classname="com.invicta.qa.testcases.mytest.cancelEmployeeModal" name="cancelEmployee" time="23.686"/>
  <testcase classname="com.invicta.qa.base.DriverIntialization" name="@AfterSuite closeChrome" time="0.0">
    <ignored/>
  </testcase> <!-- @AfterSuite closeChrome -->
  <testcase classname="com.invicta.qa.base.DriverIntialization" name="@BeforeSuite main" time="0.0">
    <ignored/>
  </testcase> <!-- @BeforeSuite main -->
</testsuite> <!-- Test -->
